<?xml version="1.0" encoding="UTF-8"?>
<!-- Generated by org.testng.reporters.JUnitXMLReporter -->
<testsuite ignored="4" hostname="DESKTOP-QR0VDMM" failures="1" tests="8" name="Test-Runner-Chrome" time="35.732" errors="0" timestamp="2022-10-12T14:02:35 IST">
  <testcase classname="vtiger.GenericUtility.BaseClass" name="@BeforeTest bcConfig" time="2.37">
    <failure type="io.github.bonigarcia.wdm.config.WebDriverManagerException" message="java.net.UnknownHostException: raw.githubusercontent.com">
      <![CDATA[io.github.bonigarcia.wdm.config.WebDriverManagerException: java.net.UnknownHostException: raw.githubusercontent.com
at io.github.bonigarcia.wdm.WebDriverManager.handleException(WebDriverManager.java:1422)
at io.github.bonigarcia.wdm.WebDriverManager.manage(WebDriverManager.java:1203)
at io.github.bonigarcia.wdm.WebDriverManager.fallback(WebDriverManager.java:1438)
at io.github.bonigarcia.wdm.WebDriverManager.handleException(WebDriverManager.java:1415)
at io.github.bonigarcia.wdm.WebDriverManager.manage(WebDriverManager.java:1203)
at io.github.bonigarcia.wdm.WebDriverManager.setup(WebDriverManager.java:418)
at vtiger.GenericUtility.BaseClass.bcConfig(BaseClass.java:61)
at java.base/java.util.concurrent.FutureTask.run(FutureTask.java:264)
at java.base/java.util.concurrent.ThreadPoolExecutor.runWorker(ThreadPoolExecutor.java:1136)
at java.base/java.util.concurrent.ThreadPoolExecutor$Worker.run(ThreadPoolExecutor.java:635)
at java.base/java.lang.Thread.run(Thread.java:833)
Caused by: java.net.UnknownHostException: raw.githubusercontent.com
at java.base/java.net.InetAddress$CachedAddresses.get(InetAddress.java:801)
at java.base/java.net.InetAddress.getAllByName0(InetAddress.java:1509)
at java.base/java.net.InetAddress.getAllByName(InetAddress.java:1367)
at java.base/java.net.InetAddress.getAllByName(InetAddress.java:1301)
at org.apache.hc.client5.http.SystemDefaultDnsResolver.resolve(SystemDefaultDnsResolver.java:43)
at org.apache.hc.client5.http.impl.io.DefaultHttpClientConnectionOperator.connect(DefaultHttpClientConnectionOperator.java:118)
at org.apache.hc.client5.http.impl.io.PoolingHttpClientConnectionManager.connect(PoolingHttpClientConnectionManager.java:396)
at org.apache.hc.client5.http.impl.classic.InternalExecRuntime.connectEndpoint(InternalExecRuntime.java:158)
at org.apache.hc.client5.http.impl.classic.InternalExecRuntime.connectEndpoint(InternalExecRuntime.java:168)
at org.apache.hc.client5.http.impl.classic.ConnectExec.execute(ConnectExec.java:136)
at org.apache.hc.client5.http.impl.classic.ExecChainElement.execute(ExecChainElement.java:51)
at org.apache.hc.client5.http.impl.classic.ExecChainElement$1.proceed(ExecChainElement.java:57)
at org.apache.hc.client5.http.impl.classic.ProtocolExec.execute(ProtocolExec.java:175)
at org.apache.hc.client5.http.impl.classic.ExecChainElement.execute(ExecChainElement.java:51)
at org.apache.hc.client5.http.impl.classic.ExecChainElement$1.proceed(ExecChainElement.java:57)
at org.apache.hc.client5.http.impl.classic.HttpRequestRetryExec.execute(HttpRequestRetryExec.java:96)
at org.apache.hc.client5.http.impl.classic.ExecChainElement.execute(ExecChainElement.java:51)
at org.apache.hc.client5.http.impl.classic.ExecChainElement$1.proceed(ExecChainElement.java:57)
at org.apache.hc.client5.http.impl.classic.ContentCompressionExec.execute(ContentCompressionExec.java:133)
at org.apache.hc.client5.http.impl.classic.ExecChainElement.execute(ExecChainElement.java:51)
at org.apache.hc.client5.http.impl.classic.ExecChainElement$1.proceed(ExecChainElement.java:57)
at org.apache.hc.client5.http.impl.classic.RedirectExec.execute(RedirectExec.java:115)
at org.apache.hc.client5.http.impl.classic.ExecChainElement.execute(ExecChainElement.java:51)
at org.apache.hc.client5.http.impl.classic.InternalHttpClient.doExecute(InternalHttpClient.java:170)
at org.apache.hc.client5.http.impl.classic.CloseableHttpClient.execute(CloseableHttpClient.java:75)
at org.apache.hc.client5.http.impl.classic.CloseableHttpClient.execute(CloseableHttpClient.java:89)
at io.github.bonigarcia.wdm.online.HttpClient.execute(HttpClient.java:158)
at io.github.bonigarcia.wdm.WebDriverManager.openGitHubConnection(WebDriverManager.java:1606)
at io.github.bonigarcia.wdm.WebDriverManager.getDriversFromGitHub(WebDriverManager.java:1620)
at io.github.bonigarcia.wdm.managers.FirefoxDriverManager.getDriverUrls(FirefoxDriverManager.java:102)
at io.github.bonigarcia.wdm.WebDriverManager.createUrlHandler(WebDriverManager.java:1443)
at io.github.bonigarcia.wdm.WebDriverManager.download(WebDriverManager.java:1278)
at io.github.bonigarcia.wdm.WebDriverManager.manage(WebDriverManager.java:1197)
... 24 more
... Removed 15 stack frames]]>
    </failure>
  </testcase> <!-- @BeforeTest bcConfig -->
  <testcase classname="vtiger.GenericUtility.BaseClass" name="@BeforeMethod bmConfig" time="-1.665563521755E9">
    <skipped/>
  </testcase> <!-- @BeforeMethod bmConfig -->
  <testcase classname="vtiger.GenericUtility.BaseClass" name="@AfterMethod amConfig" time="-1.665563521767E9">
    <skipped/>
  </testcase> <!-- @AfterMethod amConfig -->
  <testcase classname="vtiger.GenericUtility.BaseClass" name="@BeforeMethod bmConfig" time="-1.665563523683E9">
    <skipped/>
  </testcase> <!-- @BeforeMethod bmConfig -->
  <testcase classname="vtiger.GenericUtility.BaseClass" name="@AfterMethod amConfig" time="-1.665563523697E9">
    <skipped/>
  </testcase> <!-- @AfterMethod amConfig -->
  <testcase classname="vtiger.GenericUtility.BaseClass" name="@BeforeMethod bmConfig" time="-1.6655635237E9">
    <skipped/>
  </testcase> <!-- @BeforeMethod bmConfig -->
  <testcase classname="vtiger.GenericUtility.BaseClass" name="@AfterMethod amConfig" time="-1.665563523709E9">
    <skipped/>
  </testcase> <!-- @AfterMethod amConfig -->
  <testcase classname="vtiger.GenericUtility.BaseClass" name="@BeforeMethod bmConfig" time="-1.665563523711E9">
    <skipped/>
  </testcase> <!-- @BeforeMethod bmConfig -->
  <testcase classname="vtiger.GenericUtility.BaseClass" name="@AfterMethod amConfig" time="-1.665563523731E9">
    <skipped/>
  </testcase> <!-- @AfterMethod amConfig -->
  <testcase classname="vtiger.GenericUtility.BaseClass" name="@BeforeMethod bmConfig" time="-1.665563523753E9">
    <skipped/>
  </testcase> <!-- @BeforeMethod bmConfig -->
  <testcase classname="vtiger.GenericUtility.BaseClass" name="@AfterMethod amConfig" time="-1.665563523769E9">
    <skipped/>
  </testcase> <!-- @AfterMethod amConfig -->
  <testcase classname="vtiger.GenericUtility.BaseClass" name="@BeforeMethod bmConfig" time="-1.665563523775E9">
    <skipped/>
  </testcase> <!-- @BeforeMethod bmConfig -->
  <testcase classname="vtiger.GenericUtility.BaseClass" name="@AfterMethod amConfig" time="-1.665563523785E9">
    <skipped/>
  </testcase> <!-- @AfterMethod amConfig -->
  <testcase classname="vtiger.GenericUtility.BaseClass" name="@BeforeMethod bmConfig" time="-1.665563523787E9">
    <skipped/>
  </testcase> <!-- @BeforeMethod bmConfig -->
  <testcase classname="vtiger.GenericUtility.BaseClass" name="@AfterMethod amConfig" time="-1.665563523792E9">
    <skipped/>
  </testcase> <!-- @AfterMethod amConfig -->
  <testcase classname="vtiger.GenericUtility.BaseClass" name="@BeforeMethod bmConfig" time="-1.665563523794E9">
    <skipped/>
  </testcase> <!-- @BeforeMethod bmConfig -->
  <testcase classname="vtiger.GenericUtility.BaseClass" name="@AfterMethod amConfig" time="-1.665563523799E9">
    <skipped/>
  </testcase> <!-- @AfterMethod amConfig -->
  <testcase classname="vtiger.GenericUtility.BaseClass" name="@AfterTest acConfig" time="-1.665563523805E9">
    <skipped/>
  </testcase> <!-- @AfterTest acConfig -->
  <testcase classname="vtiger.GenericUtility.BaseClass" name="@BeforeMethod bmConfig" time="0.001">
    <failure type="java.lang.NullPointerException" message="Cannot invoke &amp;quot;org.openqa.selenium.SearchContext.findElement(org.openqa.selenium.By)&amp;quot; because &amp;quot;this.searchContext&amp;quot; is null">
      <![CDATA[java.lang.NullPointerException: Cannot invoke "org.openqa.selenium.SearchContext.findElement(org.openqa.selenium.By)" because "this.searchContext" is null
at org.openqa.selenium.support.pagefactory.DefaultElementLocator.findElement(DefaultElementLocator.java:70)
at org.openqa.selenium.support.pagefactory.internal.LocatingElementHandler.invoke(LocatingElementHandler.java:39)
at jdk.proxy2/jdk.proxy2.$Proxy22.sendKeys(Unknown Source)
at vtiger.ObjectRepository.LoginPage.LoginToApp(LoginPage.java:57)
at vtiger.GenericUtility.BaseClass.bmConfig(BaseClass.java:83)
at java.base/java.util.ArrayList.forEach(ArrayList.java:1511)
at java.base/java.util.concurrent.FutureTask.run(FutureTask.java:264)
at java.base/java.util.concurrent.ThreadPoolExecutor.runWorker(ThreadPoolExecutor.java:1136)
at java.base/java.util.concurrent.ThreadPoolExecutor$Worker.run(ThreadPoolExecutor.java:635)
at java.base/java.lang.Thread.run(Thread.java:833)
... Removed 22 stack frames]]>
    </failure>
  </testcase> <!-- @BeforeMethod bmConfig -->
  <testcase classname="vtiger.GenericUtility.BaseClass" name="@AfterMethod amConfig" time="-1.665563554297E9">
    <skipped/>
  </testcase> <!-- @AfterMethod amConfig -->
  <testcase classname="vtiger.GenericUtility.BaseClass" name="@BeforeMethod bmConfig" time="-1.665563554306E9">
    <skipped/>
  </testcase> <!-- @BeforeMethod bmConfig -->
  <testcase classname="vtiger.GenericUtility.BaseClass" name="@AfterMethod amConfig" time="-1.665563554309E9">
    <skipped/>
  </testcase> <!-- @AfterMethod amConfig -->
  <testcase classname="vtiger.GenericUtility.BaseClass" name="@BeforeMethod bmConfig" time="-1.66556355431E9">
    <skipped/>
  </testcase> <!-- @BeforeMethod bmConfig -->
  <testcase classname="vtiger.GenericUtility.BaseClass" name="@AfterMethod amConfig" time="-1.665563554312E9">
    <skipped/>
  </testcase> <!-- @AfterMethod amConfig -->
  <testcase classname="vtiger.GenericUtility.BaseClass" name="@BeforeMethod bmConfig" time="-1.665563554313E9">
    <skipped/>
  </testcase> <!-- @BeforeMethod bmConfig -->
  <testcase classname="vtiger.GenericUtility.BaseClass" name="@AfterMethod amConfig" time="-1.665563554315E9">
    <skipped/>
  </testcase> <!-- @AfterMethod amConfig -->
  <testcase classname="vtiger.GenericUtility.BaseClass" name="@BeforeMethod bmConfig" time="-1.665563554316E9">
    <skipped/>
  </testcase> <!-- @BeforeMethod bmConfig -->
  <testcase classname="vtiger.GenericUtility.BaseClass" name="@AfterMethod amConfig" time="-1.665563554317E9">
    <skipped/>
  </testcase> <!-- @AfterMethod amConfig -->
  <testcase classname="vtiger.GenericUtility.BaseClass" name="@BeforeMethod bmConfig" time="-1.665563554317E9">
    <skipped/>
  </testcase> <!-- @BeforeMethod bmConfig -->
  <testcase classname="vtiger.GenericUtility.BaseClass" name="@AfterMethod amConfig" time="-1.665563554319E9">
    <skipped/>
  </testcase> <!-- @AfterMethod amConfig -->
  <testcase classname="vtiger.GenericUtility.BaseClass" name="@BeforeMethod bmConfig" time="-1.66556355432E9">
    <skipped/>
  </testcase> <!-- @BeforeMethod bmConfig -->
  <testcase classname="vtiger.GenericUtility.BaseClass" name="@AfterMethod amConfig" time="-1.665563554322E9">
    <skipped/>
  </testcase> <!-- @AfterMethod amConfig -->
  <testcase classname="vtiger.ContactsTests.CreateConWithOrgBaseCls" name="createConWithOrgTest" time="0.217">
    <failure type="java.lang.NullPointerException" message="Cannot invoke &amp;quot;org.openqa.selenium.SearchContext.findElement(org.openqa.selenium.By)&amp;quot; because &amp;quot;this.searchContext&amp;quot; is null">
      <![CDATA[java.lang.NullPointerException: Cannot invoke "org.openqa.selenium.SearchContext.findElement(org.openqa.selenium.By)" because "this.searchContext" is null
at org.openqa.selenium.support.pagefactory.DefaultElementLocator.findElement(DefaultElementLocator.java:70)
at org.openqa.selenium.support.pagefactory.internal.LocatingElementHandler.invoke(LocatingElementHandler.java:39)
at jdk.proxy2/jdk.proxy2.$Proxy22.click(Unknown Source)
at vtiger.ObjectRepository.HomePage.clickOnOrganizationLnk(HomePage.java:123)
at vtiger.ContactsTests.CreateConWithOrgBaseCls.createConWithOrgTest(CreateConWithOrgBaseCls.java:40)
at java.base/java.util.ArrayList.forEach(ArrayList.java:1511)
at java.base/java.util.concurrent.FutureTask.run(FutureTask.java:264)
at java.base/java.util.concurrent.ThreadPoolExecutor.runWorker(ThreadPoolExecutor.java:1136)
at java.base/java.util.concurrent.ThreadPoolExecutor$Worker.run(ThreadPoolExecutor.java:635)
at java.base/java.lang.Thread.run(Thread.java:833)
... Removed 18 stack frames]]>
    </failure>
  </testcase> <!-- createConWithOrgTest -->
  <testcase classname="vtiger.ContactsTests.CreateOrgWithIndustryBaseClsTest" name="CreateOrgWithIndusTest" time="0.0">
    <skipped/>
  </testcase> <!-- CreateOrgWithIndusTest -->
  <testcase classname="vtiger.ContactsTests.CreateOrgWithIndustryBaseClsTest" name="CreateOrgWithIndusTest" time="0.0">
    <skipped/>
  </testcase> <!-- CreateOrgWithIndusTest -->
  <testcase classname="vtiger.ContactsTests.CreateOrgWithIndustryBaseClsTest" name="CreateOrgWithIndusTest" time="0.0">
    <skipped/>
  </testcase> <!-- CreateOrgWithIndusTest -->
  <testcase classname="vtiger.ContactsTests.CreateOrgWithIndustryBaseClsTest" name="CreateOrgWithIndusTest" time="0.0">
    <skipped/>
  </testcase> <!-- CreateOrgWithIndusTest -->
  <testcase classname="vtiger.ContactsTests.CreateOrgWithIndustryBaseClsTest" name="CreateOrgWithIndusTest" time="0.0">
    <skipped/>
  </testcase> <!-- CreateOrgWithIndusTest -->
  <testcase classname="vtiger.ContactsTests.CreateOrgWithIndustryBaseClsTest" name="CreateOrgWithIndusTest" time="0.0">
    <skipped/>
  </testcase> <!-- CreateOrgWithIndusTest -->
  <testcase classname="vtiger.ContactsTests.CreateOrgWithIndustryBaseClsTest" name="CreateOrgWithIndusTest" time="0.0">
    <skipped/>
  </testcase> <!-- CreateOrgWithIndusTest -->
  <testcase classname="vtiger.GenericUtility.BaseClass" name="@BeforeTest bcConfig" time="0.0">
    <ignored/>
  </testcase> <!-- @BeforeTest bcConfig -->
  <testcase classname="vtiger.GenericUtility.BaseClass" name="@AfterTest acConfig" time="0.0">
    <ignored/>
  </testcase> <!-- @AfterTest acConfig -->
  <testcase classname="vtiger.GenericUtility.BaseClass" name="@BeforeSuite bsConfig" time="0.0">
    <ignored/>
  </testcase> <!-- @BeforeSuite bsConfig -->
  <testcase classname="vtiger.GenericUtility.BaseClass" name="@AfterSuite asConfig" time="0.0">
    <ignored/>
  </testcase> <!-- @AfterSuite asConfig -->
</testsuite> <!-- Test-Runner-Chrome -->
