<?xml version="1.0" encoding="UTF-8"?>
<!-- Generated by org.testng.reporters.JUnitReportReporter -->
<testsuite hostname="DESKTOP-QR0VDMM" failures="0" tests="2" name="vtiger.practice.TestNGPractice" time="0.012" errors="0" timestamp="2022-10-09T21:45:34 IST" skipped="0">
  <testcase classname="vtiger.practice.TestNGPractice" name="testNGPractice2" time="0.002"/>
  <system-out/>
  <testcase classname="vtiger.practice.TestNGPractice" name="testNGPractice" time="0.010"/>
  <system-out/>
</testsuite> <!-- vtiger.practice.TestNGPractice -->
