<?xml version="1.0" encoding="UTF-8"?>
<!-- Generated by org.testng.reporters.JUnitReportReporter -->
<testsuite hostname="DESKTOP-QR0VDMM" failures="0" tests="4" name="vtiger.practice.DataProviderPracticeTest" time="0.025" errors="0" timestamp="2022-10-10T10:59:29 IST" skipped="0">
  <testcase classname="vtiger.practice.DataProviderPracticeTest" name="addProductToCartTest" time="0.009"/>
  <system-out/>
  <testcase classname="vtiger.practice.DataProviderPracticeTest" name="addProductToCartTest" time="0.006"/>
  <system-out/>
  <testcase classname="vtiger.practice.DataProviderPracticeTest" name="addProductToCartTest" time="0.007"/>
  <system-out/>
  <testcase classname="vtiger.practice.DataProviderPracticeTest" name="addProductToCartTest" time="0.003"/>
  <system-out/>
</testsuite> <!-- vtiger.practice.DataProviderPracticeTest -->
