<?xml version="1.0" encoding="UTF-8"?>
<!-- Generated by org.testng.reporters.JUnitReportReporter -->
<testsuite hostname="DESKTOP-QR0VDMM" failures="0" tests="1" name="vtiger.practice.DemoTest1Test" time="0.014" errors="0" timestamp="2022-10-18T13:04:27 IST" skipped="0">
  <testcase classname="vtiger.practice.DemoTest1Test" name="demo" time="0.014"/>
  <system-out/>
</testsuite> <!-- vtiger.practice.DemoTest1Test -->
