<?xml version="1.0" encoding="UTF-8"?>
<!-- Generated by org.testng.reporters.JUnitReportReporter -->
<testsuite hostname="DESKTOP-QR0VDMM" failures="0" tests="7" name="vtiger.practice.DataProviderPractice2" time="0.050" errors="0" timestamp="2022-10-10T14:56:03 IST" skipped="0">
  <testcase classname="vtiger.practice.DataProviderPractice2" name="dataProPrac2" time="0.004"/>
  <system-out/>
  <testcase classname="vtiger.practice.DataProviderPractice2" name="dataProPrac2" time="0.011"/>
  <system-out/>
  <testcase classname="vtiger.practice.DataProviderPractice2" name="dataProPrac2" time="0.007"/>
  <system-out/>
  <testcase classname="vtiger.practice.DataProviderPractice2" name="dataProPrac2" time="0.002"/>
  <system-out/>
  <testcase classname="vtiger.practice.DataProviderPractice2" name="dataProPrac2" time="0.018"/>
  <system-out/>
  <testcase classname="vtiger.practice.DataProviderPractice2" name="dataProPrac2" time="0.004"/>
  <system-out/>
  <testcase classname="vtiger.practice.DataProviderPractice2" name="dataProPrac2" time="0.004"/>
  <system-out/>
</testsuite> <!-- vtiger.practice.DataProviderPractice2 -->
