<?xml version="1.0" encoding="UTF-8"?>
<!-- Generated by org.testng.reporters.JUnitReportReporter -->
<testsuite hostname="DESKTOP-QR0VDMM" failures="0" tests="1" name="vtiger.ContactsTests.CreateConWithOrgBaseCls" time="123.379" errors="0" timestamp="2022-10-16T12:15:53 IST" skipped="0">
  <testcase classname="vtiger.ContactsTests.CreateConWithOrgBaseCls" name="createConWithOrgTest" time="123.379"/>
  <system-out>
    <![CDATA[click on Organization  succesfully
click on create new Organization  succesfully]]>
  </system-out>
</testsuite> <!-- vtiger.ContactsTests.CreateConWithOrgBaseCls -->
