<?xml version="1.0" encoding="UTF-8"?>
<!-- Generated by org.testng.reporters.JUnitReportReporter -->
<testsuite hostname="DESKTOP-QR0VDMM" failures="0" tests="1" name="vtiger.practice.ReadDataFromCmdLineTest" time="0.011" errors="0" timestamp="2022-10-18T07:44:28 IST" skipped="0">
  <testcase classname="vtiger.practice.ReadDataFromCmdLineTest" name="readData" time="0.011"/>
  <system-out/>
</testsuite> <!-- vtiger.practice.ReadDataFromCmdLineTest -->
