<?xml version="1.0" encoding="UTF-8"?>
<!-- Generated by org.testng.reporters.JUnitReportReporter -->
<testsuite hostname="DESKTOP-QR0VDMM" failures="0" tests="1" name="vtiger.ContactsTests.CreateContactsWithOrgPOMTest" time="57.214" errors="0" timestamp="2022-10-11T19:28:21 IST" skipped="0">
  <testcase classname="vtiger.ContactsTests.CreateContactsWithOrgPOMTest" name="createConWithOrgPOMTest" time="57.214"/>
  <system-out/>
</testsuite> <!-- vtiger.ContactsTests.CreateContactsWithOrgPOMTest -->
