<?xml version="1.0" encoding="UTF-8"?>
<!-- Generated by org.testng.reporters.JUnitReportReporter -->
<testsuite hostname="DESKTOP-QR0VDMM" failures="0" tests="1" name="vtiger.ContactsTests.CreateContactsWithMandatoryFieldsTest" time="32.295" errors="0" timestamp="2022-10-11T19:28:21 IST" skipped="0">
  <testcase classname="vtiger.ContactsTests.CreateContactsWithMandatoryFieldsTest" name="createConWithMandFieldTest" time="32.295"/>
  <system-out/>
</testsuite> <!-- vtiger.ContactsTests.CreateContactsWithMandatoryFieldsTest -->
